<?xml version="1.0" encoding="UTF-8"?>
<!-- Generated by org.testng.reporters.JUnitXMLReporter -->
<testsuite ignored="0" hostname="DESKTOP-99P843S" failures="0" tests="3" name="Default test" time="68.862" errors="0" timestamp="2023-08-11T15:29:51 IST">
  <testcase classname="com.villeos.Villeos_Web_app.Base_class" name="Setup1" time="9.493"/>
  <testcase classname="com.villeos.Villeos_Web_app.Base_class" name="setup2" time="36.387"/>
  <testcase classname="com.villeos.Villeos_Web_app.Base_class" name="setup3" time="22.873"/>
</testsuite> <!-- Default test -->
