<?xml version="1.0" encoding="UTF-8"?>
<!-- Generated by org.testng.reporters.JUnitXMLReporter -->
<testsuite ignored="0" hostname="DESKTOP-99P843S" failures="0" tests="2" name="Test" time="29.485" errors="0" timestamp="2023-08-09T16:45:02 IST">
  <testcase classname="com.villeos.Villeos_Web_app.Base_class" name="@AfterTest TearDown" time="0.007">
    <failure type="java.lang.NullPointerException" message="Cannot invoke &amp;quot;org.openqa.selenium.WebDriver.quit()&amp;quot; because &amp;quot;this.driver&amp;quot; is null">
      <![CDATA[java.lang.NullPointerException: Cannot invoke "org.openqa.selenium.WebDriver.quit()" because "this.driver" is null
at com.villeos.Villeos_Web_app.Base_class.TearDown(Base_class.java:40)
... Removed 24 stack frames]]>
    </failure>
  </testcase> <!-- @AfterTest TearDown -->
  <testcase classname="com.villeos.Villeos_Web_app.Base_class" name="Setup1" time="11.037"/>
  <testcase classname="com.villeos.Villeos_Web_app.Base_class" name="setup2" time="18.314"/>
</testsuite> <!-- Test -->
