<?xml version="1.0" encoding="UTF-8"?>
<!-- Generated by org.testng.reporters.JUnitXMLReporter -->
<testsuite ignored="0" hostname="DESKTOP-99P843S" failures="0" tests="3" name="Test" time="93.919" errors="0" timestamp="2023-08-10T20:29:08 IST">
  <testcase classname="com.villeos.Villeos_Web_app.Base_class" name="Setup1" time="40.94"/>
  <testcase classname="com.villeos.Villeos_Web_app.Base_class" name="setup2" time="30.626"/>
  <testcase classname="com.villeos.Villeos_Web_app.Base_class" name="setup3" time="20.821"/>
</testsuite> <!-- Test -->
