<?xml version="1.0" encoding="UTF-8"?>
<testng-results ignored="0" total="3" passed="3" failed="0" skipped="0">
  <reporter-output>
  </reporter-output>
  <suite started-at="2023-08-11T10:06:41 IST" name="Suite" finished-at="2023-08-11T10:07:52 IST" duration-ms="71479">
    <groups>
    </groups>
    <test started-at="2023-08-11T10:06:41 IST" name="Test" finished-at="2023-08-11T10:07:52 IST" duration-ms="71479">
      <class name="com.villeos.Villeos_Web_app.Base_class">
        <test-method signature="Setup1()[pri:0, instance:com.villeos.Villeos_Web_app.Base_class@7a419da4]" started-at="2023-08-11T10:06:41 IST" name="Setup1" finished-at="2023-08-11T10:06:52 IST" duration-ms="11302" status="PASS">
          <reporter-output>
          </reporter-output>
        </test-method> <!-- Setup1 -->
        <test-method signature="setup2()[pri:0, instance:com.villeos.Villeos_Web_app.Base_class@7a419da4]" started-at="2023-08-11T10:06:52 IST" name="setup2" finished-at="2023-08-11T10:07:27 IST" duration-ms="35135" status="PASS">
          <reporter-output>
          </reporter-output>
        </test-method> <!-- setup2 -->
        <test-method signature="setup3()[pri:0, instance:com.villeos.Villeos_Web_app.Base_class@7a419da4]" started-at="2023-08-11T10:07:27 IST" name="setup3" finished-at="2023-08-11T10:07:52 IST" duration-ms="24930" status="PASS">
          <reporter-output>
          </reporter-output>
        </test-method> <!-- setup3 -->
      </class> <!-- com.villeos.Villeos_Web_app.Base_class -->
    </test> <!-- Test -->
  </suite> <!-- Suite -->
</testng-results>
