<?xml version="1.0" encoding="UTF-8"?>
<testsuite xmlns:xsi="http://www.w3.org/2001/XMLSchema-instance" xsi:noNamespaceSchemaLocation="https://maven.apache.org/surefire/maven-surefire-plugin/xsd/surefire-test-report-3.0.xsd" version="3.0" name="TestSuite" time="90.948" tests="6" errors="0" skipped="2" failures="1">
  <properties>
[...]
</properties>
  <testcase name="Setup[safari](0)" classname="com.villeos.Villeos_Web_app.NewTest" time="1.559">
    <failure message="safaridriver located at C:\Applications\Safari Technology Preview.app\Contents\MacOS\safaridriver, but invalid&#10;For documentation on this error, please visit: https://www.selenium.dev/documentation/webdriver/troubleshooting/errors/driver_location/&#10;Build info: version: &apos;4.10.0&apos;, revision: &apos;c14d967899&apos;&#10;System info: os.name: &apos;Windows 10&apos;, os.arch: &apos;amd64&apos;, os.version: &apos;10.0&apos;, java.version: &apos;17.0.6&apos;&#10;Driver info: driver.version: SafariDriver" type="org.openqa.selenium.remote.NoSuchDriverException"><![CDATA[org.openqa.selenium.remote.NoSuchDriverException: 
safaridriver located at C:\Applications\Safari Technology Preview.app\Contents\MacOS\safaridriver, but invalid
For documentation on this error, please visit: https://www.selenium.dev/documentation/webdriver/troubleshooting/errors/driver_location/
Build info: version: '4.10.0', revision: 'c14d967899'
System info: os.name: 'Windows 10', os.arch: 'amd64', os.version: '10.0', java.version: '17.0.6'
Driver info: driver.version: SafariDriver
	at org.openqa.selenium.remote.service.DriverFinder.getPath(DriverFinder.java:45)
	at org.openqa.selenium.safari.SafariDriver.generateExecutor(SafariDriver.java:94)
	at org.openqa.selenium.safari.SafariDriver.<init>(SafariDriver.java:83)
	at org.openqa.selenium.safari.SafariDriver.<init>(SafariDriver.java:79)
	at org.openqa.selenium.safari.SafariDriver.<init>(SafariDriver.java:56)
	at com.villeos.Villeos_Web_app.Base_class.Setup(Base_class.java:49)
	at java.base/jdk.internal.reflect.NativeMethodAccessorImpl.invoke0(Native Method)
	at java.base/jdk.internal.reflect.NativeMethodAccessorImpl.invoke(NativeMethodAccessorImpl.java:77)
	at java.base/jdk.internal.reflect.DelegatingMethodAccessorImpl.invoke(DelegatingMethodAccessorImpl.java:43)
	at java.base/java.lang.reflect.Method.invoke(Method.java:568)
	at org.testng.internal.invokers.MethodInvocationHelper.invokeMethod(MethodInvocationHelper.java:139)
	at org.testng.internal.invokers.MethodInvocationHelper.invokeMethodConsideringTimeout(MethodInvocationHelper.java:69)
	at org.testng.internal.invokers.ConfigInvoker.invokeConfigurationMethod(ConfigInvoker.java:390)
	at org.testng.internal.invokers.ConfigInvoker.invokeConfigurations(ConfigInvoker.java:325)
	at org.testng.TestRunner.invokeTestConfigurations(TestRunner.java:663)
	at org.testng.TestRunner.beforeRun(TestRunner.java:652)
	at org.testng.TestRunner.run(TestRunner.java:614)
	at org.testng.SuiteRunner.runTest(SuiteRunner.java:443)
	at org.testng.SuiteRunner$SuiteWorker.run(SuiteRunner.java:481)
	at org.testng.internal.thread.ThreadUtil.lambda$execute$0(ThreadUtil.java:58)
	at java.base/java.util.concurrent.FutureTask.run(FutureTask.java:264)
	at java.base/java.util.concurrent.ThreadPoolExecutor.runWorker(ThreadPoolExecutor.java:1136)
	at java.base/java.util.concurrent.ThreadPoolExecutor$Worker.run(ThreadPoolExecutor.java:635)
	at java.base/java.lang.Thread.run(Thread.java:833)
]]></failure>
    <system-err><![CDATA[SLF4J: Failed to load class "org.slf4j.impl.StaticLoggerBinder".
SLF4J: Defaulting to no-operation (NOP) logger implementation
SLF4J: See http://www.slf4j.org/codes.html#StaticLoggerBinder for further details.
Aug 25, 2023 4:54:28 PM org.openqa.selenium.remote.service.DriverService$Builder getLogOutput
INFO: Driver logs no longer sent to console by default; https://www.selenium.dev/documentation/webdriver/drivers/service/#setting-log-output
Aug 25, 2023 4:54:28 PM org.openqa.selenium.remote.service.DriverService$Builder getLogOutput
INFO: Driver logs no longer sent to console by default; https://www.selenium.dev/documentation/webdriver/drivers/service/#setting-log-output
Aug 25, 2023 4:54:28 PM org.openqa.selenium.remote.service.DriverService$Builder getLogOutput
INFO: Driver logs no longer sent to console by default; https://www.selenium.dev/documentation/webdriver/drivers/service/#setting-log-output
]]></system-err>
  </testcase>
  <testcase name="url" classname="com.villeos.Villeos_Web_app.NewTest" time="0.0">
    <skipped message="safaridriver located at C:\Applications\Safari Technology Preview.app\Contents\MacOS\safaridriver, but invalid&#10;For documentation on this error, please visit: https://www.selenium.dev/documentation/webdriver/troubleshooting/errors/driver_location/&#10;Build info: version: &apos;4.10.0&apos;, revision: &apos;c14d967899&apos;&#10;System info: os.name: &apos;Windows 10&apos;, os.arch: &apos;amd64&apos;, os.version: &apos;10.0&apos;, java.version: &apos;17.0.6&apos;&#10;Driver info: driver.version: SafariDriver"/>
  </testcase>
  <testcase name="url" classname="com.villeos.Villeos_Web_app.NewTest" time="38.14">
    <system-out><![CDATA[chrome launch
edge launch
Online Shopping site in India: Shop Online for Mobiles, Books, Watches, Shoes and More - Amazon.in
]]></system-out>
    <system-err><![CDATA[Aug 25, 2023 4:54:34 PM org.openqa.selenium.manager.SeleniumManager lambda$runCommand$1
WARNING: Error getting version of chromedriver 115. Retrying with chromedriver 114 (attempt 1/5)
Aug 25, 2023 4:54:44 PM org.openqa.selenium.devtools.CdpVersionFinder findNearestMatch
WARNING: Unable to find an exact match for CDP version 115, so returning the closest version found: 114
Aug 25, 2023 4:54:53 PM org.openqa.selenium.devtools.CdpVersionFinder findNearestMatch
WARNING: Unable to find an exact match for CDP version 116, so returning the closest version found: 114
]]></system-err>
  </testcase>
  <testcase name="url" classname="com.villeos.Villeos_Web_app.NewTest" time="43.554">
    <system-out><![CDATA[Online Shopping site in India: Shop Online for Mobiles, Books, Watches, Shoes and More - Amazon.in
]]></system-out>
  </testcase>
  <testcase name="url" classname="com.villeos.Villeos_Web_app.NewTest" time="9.705">
    <system-out><![CDATA[firefox launch
Online Shopping site in India: Shop Online for Mobiles, Books, Watches, Shoes and More - Amazon.in
]]></system-out>
  </testcase>
  <testcase name="Teardown" classname="com.villeos.Villeos_Web_app.NewTest" time="0.0">
    <skipped/>
  </testcase>
</testsuite>