<?xml version="1.0" encoding="UTF-8"?>
<testng-results ignored="0" total="4" passed="3" failed="0" skipped="1">
  <reporter-output>
  </reporter-output>
  <suite started-at="2023-08-22T13:52:58 IST" name="Suite" finished-at="2023-08-22T13:54:03 IST" duration-ms="65542">
    <groups>
    </groups>
    <test started-at="2023-08-22T13:52:58 IST" name="safariTest" finished-at="2023-08-22T13:52:58 IST" duration-ms="551">
      <class name="com.villeos.Villeos_Web_app.NewTest">
        <test-method is-config="true" signature="Setup(java.lang.String)[pri:0, instance:com.villeos.Villeos_Web_app.NewTest@48075da3]" started-at="2023-08-22T13:52:58 IST" name="Setup" finished-at="2023-08-22T13:52:58 IST" duration-ms="285" status="FAIL">
          <params>
            <param index="0">
              <value>
                <![CDATA[safari]]>
              </value>
            </param>
          </params>
          <exception class="java.lang.NoSuchMethodError">
            <message>
              <![CDATA['org.openqa.selenium.manager.SeleniumManagerOutput$Result org.openqa.selenium.remote.service.DriverFinder.getPath(org.openqa.selenium.remote.service.DriverService, org.openqa.selenium.Capabilities)']]>
            </message>
            <full-stacktrace>
              <![CDATA[java.lang.NoSuchMethodError: 'org.openqa.selenium.manager.SeleniumManagerOutput$Result org.openqa.selenium.remote.service.DriverFinder.getPath(org.openqa.selenium.remote.service.DriverService, org.openqa.selenium.Capabilities)'
at org.openqa.selenium.safari.SafariDriver.generateExecutor(SafariDriver.java:94)
at org.openqa.selenium.safari.SafariDriver.<init>(SafariDriver.java:83)
at org.openqa.selenium.safari.SafariDriver.<init>(SafariDriver.java:79)
at org.openqa.selenium.safari.SafariDriver.<init>(SafariDriver.java:56)
at com.villeos.Villeos_Web_app.Base_class.Setup(Base_class.java:49)
at java.base/jdk.internal.reflect.NativeMethodAccessorImpl.invoke0(Native Method)
at java.base/jdk.internal.reflect.NativeMethodAccessorImpl.invoke(NativeMethodAccessorImpl.java:77)
at java.base/jdk.internal.reflect.DelegatingMethodAccessorImpl.invoke(DelegatingMethodAccessorImpl.java:43)
at java.base/java.lang.reflect.Method.invoke(Method.java:568)
at org.testng.internal.invokers.MethodInvocationHelper.invokeMethod(MethodInvocationHelper.java:139)
at org.testng.internal.invokers.MethodInvocationHelper.invokeMethodConsideringTimeout(MethodInvocationHelper.java:69)
at org.testng.internal.invokers.ConfigInvoker.invokeConfigurationMethod(ConfigInvoker.java:390)
at org.testng.internal.invokers.ConfigInvoker.invokeConfigurations(ConfigInvoker.java:325)
at org.testng.TestRunner.invokeTestConfigurations(TestRunner.java:663)
at org.testng.TestRunner.beforeRun(TestRunner.java:652)
at org.testng.TestRunner.run(TestRunner.java:614)
at org.testng.SuiteRunner.runTest(SuiteRunner.java:443)
at org.testng.SuiteRunner$SuiteWorker.run(SuiteRunner.java:481)
at org.testng.internal.thread.ThreadUtil.lambda$execute$0(ThreadUtil.java:58)
at java.base/java.util.concurrent.FutureTask.run(FutureTask.java:264)
at java.base/java.util.concurrent.ThreadPoolExecutor.runWorker(ThreadPoolExecutor.java:1136)
at java.base/java.util.concurrent.ThreadPoolExecutor$Worker.run(ThreadPoolExecutor.java:635)
at java.base/java.lang.Thread.run(Thread.java:833)
]]>
            </full-stacktrace>
          </exception> <!-- java.lang.NoSuchMethodError -->
          <reporter-output>
          </reporter-output>
        </test-method> <!-- Setup -->
        <test-method signature="url()[pri:0, instance:com.villeos.Villeos_Web_app.NewTest@48075da3]" started-at="2023-08-22T13:52:58 IST" name="url" finished-at="2023-08-22T13:52:58 IST" duration-ms="0" status="SKIP">
          <exception class="java.lang.NoSuchMethodError">
            <message>
              <![CDATA['org.openqa.selenium.manager.SeleniumManagerOutput$Result org.openqa.selenium.remote.service.DriverFinder.getPath(org.openqa.selenium.remote.service.DriverService, org.openqa.selenium.Capabilities)']]>
            </message>
            <full-stacktrace>
              <![CDATA[java.lang.NoSuchMethodError: 'org.openqa.selenium.manager.SeleniumManagerOutput$Result org.openqa.selenium.remote.service.DriverFinder.getPath(org.openqa.selenium.remote.service.DriverService, org.openqa.selenium.Capabilities)'
at org.openqa.selenium.safari.SafariDriver.generateExecutor(SafariDriver.java:94)
at org.openqa.selenium.safari.SafariDriver.<init>(SafariDriver.java:83)
at org.openqa.selenium.safari.SafariDriver.<init>(SafariDriver.java:79)
at org.openqa.selenium.safari.SafariDriver.<init>(SafariDriver.java:56)
at com.villeos.Villeos_Web_app.Base_class.Setup(Base_class.java:49)
at java.base/jdk.internal.reflect.NativeMethodAccessorImpl.invoke0(Native Method)
at java.base/jdk.internal.reflect.NativeMethodAccessorImpl.invoke(NativeMethodAccessorImpl.java:77)
at java.base/jdk.internal.reflect.DelegatingMethodAccessorImpl.invoke(DelegatingMethodAccessorImpl.java:43)
at java.base/java.lang.reflect.Method.invoke(Method.java:568)
at org.testng.internal.invokers.MethodInvocationHelper.invokeMethod(MethodInvocationHelper.java:139)
at org.testng.internal.invokers.MethodInvocationHelper.invokeMethodConsideringTimeout(MethodInvocationHelper.java:69)
at org.testng.internal.invokers.ConfigInvoker.invokeConfigurationMethod(ConfigInvoker.java:390)
at org.testng.internal.invokers.ConfigInvoker.invokeConfigurations(ConfigInvoker.java:325)
at org.testng.TestRunner.invokeTestConfigurations(TestRunner.java:663)
at org.testng.TestRunner.beforeRun(TestRunner.java:652)
at org.testng.TestRunner.run(TestRunner.java:614)
at org.testng.SuiteRunner.runTest(SuiteRunner.java:443)
at org.testng.SuiteRunner$SuiteWorker.run(SuiteRunner.java:481)
at org.testng.internal.thread.ThreadUtil.lambda$execute$0(ThreadUtil.java:58)
at java.base/java.util.concurrent.FutureTask.run(FutureTask.java:264)
at java.base/java.util.concurrent.ThreadPoolExecutor.runWorker(ThreadPoolExecutor.java:1136)
at java.base/java.util.concurrent.ThreadPoolExecutor$Worker.run(ThreadPoolExecutor.java:635)
at java.base/java.lang.Thread.run(Thread.java:833)
]]>
            </full-stacktrace>
          </exception> <!-- java.lang.NoSuchMethodError -->
          <reporter-output>
          </reporter-output>
        </test-method> <!-- url -->
        <test-method is-config="true" signature="Teardown()[pri:0, instance:com.villeos.Villeos_Web_app.NewTest@48075da3]" started-at="2023-08-22T13:52:58 IST" name="Teardown" finished-at="2023-08-22T13:52:58 IST" duration-ms="0" status="SKIP">
          <reporter-output>
          </reporter-output>
        </test-method> <!-- Teardown -->
      </class> <!-- com.villeos.Villeos_Web_app.NewTest -->
    </test> <!-- safariTest -->
    <test started-at="2023-08-22T13:52:58 IST" name="edgeTest" finished-at="2023-08-22T13:53:51 IST" duration-ms="53531">
      <class name="com.villeos.Villeos_Web_app.NewTest">
        <test-method is-config="true" signature="Setup(java.lang.String)[pri:0, instance:com.villeos.Villeos_Web_app.NewTest@909217e]" started-at="2023-08-22T13:52:58 IST" name="Setup" finished-at="2023-08-22T13:53:20 IST" duration-ms="21841" status="PASS">
          <params>
            <param index="0">
              <value>
                <![CDATA[edge]]>
              </value>
            </param>
          </params>
          <reporter-output>
          </reporter-output>
        </test-method> <!-- Setup -->
        <test-method signature="url()[pri:0, instance:com.villeos.Villeos_Web_app.NewTest@909217e]" started-at="2023-08-22T13:53:20 IST" name="url" finished-at="2023-08-22T13:53:46 IST" duration-ms="26670" status="PASS">
          <reporter-output>
          </reporter-output>
        </test-method> <!-- url -->
        <test-method is-config="true" signature="Teardown()[pri:0, instance:com.villeos.Villeos_Web_app.NewTest@909217e]" started-at="2023-08-22T13:53:46 IST" name="Teardown" finished-at="2023-08-22T13:53:51 IST" duration-ms="4976" status="PASS">
          <reporter-output>
          </reporter-output>
        </test-method> <!-- Teardown -->
      </class> <!-- com.villeos.Villeos_Web_app.NewTest -->
    </test> <!-- edgeTest -->
    <test started-at="2023-08-22T13:52:58 IST" name="chromeTest" finished-at="2023-08-22T13:53:57 IST" duration-ms="59019">
      <class name="com.villeos.Villeos_Web_app.NewTest">
        <test-method is-config="true" signature="Setup(java.lang.String)[pri:0, instance:com.villeos.Villeos_Web_app.NewTest@5b1669c0]" started-at="2023-08-22T13:52:58 IST" name="Setup" finished-at="2023-08-22T13:53:17 IST" duration-ms="19315" status="PASS">
          <params>
            <param index="0">
              <value>
                <![CDATA[chrome]]>
              </value>
            </param>
          </params>
          <reporter-output>
          </reporter-output>
        </test-method> <!-- Setup -->
        <test-method signature="url()[pri:0, instance:com.villeos.Villeos_Web_app.NewTest@5b1669c0]" started-at="2023-08-22T13:53:17 IST" name="url" finished-at="2023-08-22T13:53:55 IST" duration-ms="37693" status="PASS">
          <reporter-output>
          </reporter-output>
        </test-method> <!-- url -->
        <test-method is-config="true" signature="Teardown()[pri:0, instance:com.villeos.Villeos_Web_app.NewTest@5b1669c0]" started-at="2023-08-22T13:53:55 IST" name="Teardown" finished-at="2023-08-22T13:53:57 IST" duration-ms="1964" status="PASS">
          <reporter-output>
          </reporter-output>
        </test-method> <!-- Teardown -->
      </class> <!-- com.villeos.Villeos_Web_app.NewTest -->
    </test> <!-- chromeTest -->
    <test started-at="2023-08-22T13:52:58 IST" name="firefoxTest" finished-at="2023-08-22T13:54:03 IST" duration-ms="65527">
      <class name="com.villeos.Villeos_Web_app.NewTest">
        <test-method is-config="true" signature="Setup(java.lang.String)[pri:0, instance:com.villeos.Villeos_Web_app.NewTest@5afa3c9]" started-at="2023-08-22T13:52:58 IST" name="Setup" finished-at="2023-08-22T13:53:53 IST" duration-ms="55371" status="PASS">
          <params>
            <param index="0">
              <value>
                <![CDATA[firefox]]>
              </value>
            </param>
          </params>
          <reporter-output>
          </reporter-output>
        </test-method> <!-- Setup -->
        <test-method signature="url()[pri:0, instance:com.villeos.Villeos_Web_app.NewTest@5afa3c9]" started-at="2023-08-22T13:53:53 IST" name="url" finished-at="2023-08-22T13:53:58 IST" duration-ms="4612" status="PASS">
          <reporter-output>
          </reporter-output>
        </test-method> <!-- url -->
        <test-method is-config="true" signature="Teardown()[pri:0, instance:com.villeos.Villeos_Web_app.NewTest@5afa3c9]" started-at="2023-08-22T13:53:58 IST" name="Teardown" finished-at="2023-08-22T13:54:03 IST" duration-ms="5521" status="PASS">
          <reporter-output>
          </reporter-output>
        </test-method> <!-- Teardown -->
      </class> <!-- com.villeos.Villeos_Web_app.NewTest -->
    </test> <!-- firefoxTest -->
  </suite> <!-- Suite -->
</testng-results>
