<?xml version="1.0" encoding="UTF-8"?>
<testng-results ignored="0" total="2" passed="2" failed="0" skipped="0">
  <reporter-output>
  </reporter-output>
  <suite started-at="2023-08-09T16:44:32 IST" name="Suite" finished-at="2023-08-09T16:45:02 IST" duration-ms="29485">
    <groups>
    </groups>
    <test started-at="2023-08-09T16:44:32 IST" name="Test" finished-at="2023-08-09T16:45:02 IST" duration-ms="29485">
      <class name="com.villeos.Villeos_Web_app.Base_class">
        <test-method signature="Setup1()[pri:0, instance:com.villeos.Villeos_Web_app.Base_class@54c5a2ff]" started-at="2023-08-09T16:44:32 IST" name="Setup1" finished-at="2023-08-09T16:44:43 IST" duration-ms="11037" status="PASS">
          <reporter-output>
          </reporter-output>
        </test-method> <!-- Setup1 -->
        <test-method signature="setup2()[pri:0, instance:com.villeos.Villeos_Web_app.Base_class@54c5a2ff]" started-at="2023-08-09T16:44:43 IST" name="setup2" finished-at="2023-08-09T16:45:02 IST" duration-ms="18314" status="PASS">
          <reporter-output>
          </reporter-output>
        </test-method> <!-- setup2 -->
        <test-method is-config="true" signature="TearDown()[pri:0, instance:com.villeos.Villeos_Web_app.Base_class@54c5a2ff]" started-at="2023-08-09T16:45:02 IST" name="TearDown" finished-at="2023-08-09T16:45:02 IST" duration-ms="7" status="FAIL">
          <exception class="java.lang.NullPointerException">
            <message>
              <![CDATA[Cannot invoke "org.openqa.selenium.WebDriver.quit()" because "this.driver" is null]]>
            </message>
            <full-stacktrace>
              <![CDATA[java.lang.NullPointerException: Cannot invoke "org.openqa.selenium.WebDriver.quit()" because "this.driver" is null
at com.villeos.Villeos_Web_app.Base_class.TearDown(Base_class.java:40)
at java.base/jdk.internal.reflect.NativeMethodAccessorImpl.invoke0(Native Method)
at java.base/jdk.internal.reflect.NativeMethodAccessorImpl.invoke(NativeMethodAccessorImpl.java:77)
at java.base/jdk.internal.reflect.DelegatingMethodAccessorImpl.invoke(DelegatingMethodAccessorImpl.java:43)
at java.base/java.lang.reflect.Method.invoke(Method.java:568)
at org.testng.internal.invokers.MethodInvocationHelper.invokeMethod(MethodInvocationHelper.java:139)
at org.testng.internal.invokers.MethodInvocationHelper.invokeMethodConsideringTimeout(MethodInvocationHelper.java:69)
at org.testng.internal.invokers.ConfigInvoker.invokeConfigurationMethod(ConfigInvoker.java:390)
at org.testng.internal.invokers.ConfigInvoker.invokeConfigurations(ConfigInvoker.java:325)
at org.testng.TestRunner.invokeTestConfigurations(TestRunner.java:663)
at org.testng.TestRunner.afterRun(TestRunner.java:933)
at org.testng.TestRunner.run(TestRunner.java:624)
at org.testng.SuiteRunner.runTest(SuiteRunner.java:443)
at org.testng.SuiteRunner.runSequentially(SuiteRunner.java:437)
at org.testng.SuiteRunner.privateRun(SuiteRunner.java:397)
at org.testng.SuiteRunner.run(SuiteRunner.java:336)
at org.testng.SuiteRunnerWorker.runSuite(SuiteRunnerWorker.java:52)
at org.testng.SuiteRunnerWorker.run(SuiteRunnerWorker.java:95)
at org.testng.TestNG.runSuitesSequentially(TestNG.java:1280)
at org.testng.TestNG.runSuitesLocally(TestNG.java:1200)
at org.testng.TestNG.runSuites(TestNG.java:1114)
at org.testng.TestNG.run(TestNG.java:1082)
at org.testng.remote.AbstractRemoteTestNG.run(AbstractRemoteTestNG.java:115)
at org.testng.remote.RemoteTestNG.initAndRun(RemoteTestNG.java:251)
at org.testng.remote.RemoteTestNG.main(RemoteTestNG.java:77)
]]>
            </full-stacktrace>
          </exception> <!-- java.lang.NullPointerException -->
          <reporter-output>
          </reporter-output>
        </test-method> <!-- TearDown -->
      </class> <!-- com.villeos.Villeos_Web_app.Base_class -->
    </test> <!-- Test -->
  </suite> <!-- Suite -->
</testng-results>
